<?xml version="1.0" encoding="UTF-8"?>
<!-- Generated by org.testng.reporters.JUnitXMLReporter -->
<testsuite ignored="0" hostname="DESKTOP-3A5J5H5" failures="0" tests="12" name="Pruebas Carrito de Compras" time="0.099" errors="0" timestamp="2023-09-21T20:34:25 COT">
  <testcase classname="co.dlacademy.ProductoTest" name="testObtenerNombre" time="0.008"/>
  <testcase classname="co.dlacademy.ProductoTest" name="testProductoSinNombre" time="0.01"/>
  <testcase classname="co.dlacademy.ProductoTest" name="testObtenerPrecio" time="0.008"/>
  <testcase classname="co.dlacademy.ProductoTest" name="testProductoPrecioNegativo" time="0.001"/>
  <testcase classname="co.dlacademy.CarritoTest" name="testAgregarProducto" time="0.0"/>
  <testcase classname="co.dlacademy.CarritoTest" name="testEliminarProducto" time="0.0"/>
  <testcase classname="co.dlacademy.CarritoTest" name="testCalcularTotal" time="0.0"/>
  <testcase classname="co.dlacademy.HistorialCompraTest" name="testAgregarCompra" time="0.001"/>
  <testcase classname="co.dlacademy.HistorialCompraTest" name="obtenerCompra" time="0.002"/>
  <testcase classname="co.dlacademy.CompraTest" name="testObtenerCarrito" time="0.001"/>
  <testcase classname="co.dlacademy.CompraTest" name="testObtenerFecha" time="0.002"/>
  <testcase classname="co.dlacademy.CompraTest" name="testObtenerTotal" time="0.002"/>
</testsuite> <!-- Pruebas Carrito de Compras -->
